Command line:
   FPCVT_isim_beh.exe
     -simmode  gui
     -simrunnum  0
     -socket  42723

Thu Apr  8 04:21:51 2021


 Elaboration Time: 0.01 sec

 Current Memory Usage: 196.313 Meg

 Total Signals          : 15
 Total Nets             : 36
 Total Signal Drivers   : 9
 Total Blocks           : 2
 Total Primitive Blocks : 2
 Total Processes        : 13
 Total Traceable Variables  : 24
 Total Scalar Nets and Variables : 144
Total Line Count : 40

 Total Simulation Time: 0.03 sec

 Current Memory Usage: 273.912 Meg

Thu Apr  8 04:22:17 2021

