Running: /opt/Xilinx/14.7/ISE_DS/ISE/bin/lin64/unwrapped/fuse -intstyle ise -incremental -lib unisims_ver -lib unimacro_ver -lib xilinxcorelib_ver -lib secureip -o /home/ise/CSM152A/Lab1/testbench_105422235_isim_beh.exe -prj /home/ise/CSM152A/Lab1/testbench_105422235_beh.prj work.testbench_105422235 work.glbl 
ISim P.20131013 (signature 0xfbc00daa)
Number of CPUs detected in this system: 1
Turning on mult-threading, number of parallel sub-compilation jobs: 0 
Determining compilation order of HDL files
Analyzing Verilog file "/home/ise/CSM152A/Lab1/FPCVT.v" into library work
WARNING:HDLCompiler:1383 - "/home/ise/CSM152A/Lab1/FPCVT.v" Line 55: Empty loop variable assignment statement violates IEEE 1800 syntax
Analyzing Verilog file "/home/ise/CSM152A/Lab1/testbench_105422235.v" into library work
Analyzing Verilog file "/opt/Xilinx/14.7/ISE_DS/ISE//verilog/src/glbl.v" into library work
Starting static elaboration
Completed static elaboration
Fuse Memory Usage: 94952 KB
Fuse CPU Usage: 1480 ms
Compiling module FPCVT
Compiling module testbench_105422235
Compiling module glbl
Time Resolution for simulation is 1ps.
Compiled 3 Verilog Units
Built simulation executable /home/ise/CSM152A/Lab1/testbench_105422235_isim_beh.exe
Fuse Memory Usage: 98088 KB
Fuse CPU Usage: 1490 ms
GCC CPU Usage: 430 ms
