--------------------------------------------------------------------------------
Release 14.7 Trace  (lin64)
Copyright (c) 1995-2013 Xilinx, Inc.  All rights reserved.

/opt/Xilinx/14.7/ISE_DS/ISE/bin/lin64/unwrapped/trce -intstyle ise -v 3 -s 3 -n
3 -fastpaths -xml clock_gen.twx clock_gen.ncd -o clock_gen.twr clock_gen.pcf

Design file:              clock_gen.ncd
Physical constraint file: clock_gen.pcf
Device,package,speed:     xc6slx16,csg324,C,-3 (PRODUCTION 1.23 2013-10-13)
Report level:             verbose report

Environment Variable      Effect 
--------------------      ------ 
NONE                      No environment variables were set
--------------------------------------------------------------------------------

INFO:Timing:2698 - No timing constraints found, doing default enumeration.
INFO:Timing:3412 - To improve timing, see the Timing Closure User Guide (UG612).
INFO:Timing:2752 - To get complete path coverage, use the unconstrained paths 
   option. All paths that are not constrained will be reported in the 
   unconstrained paths section(s) of the report.
INFO:Timing:3339 - The clock-to-out numbers in this timing report are based on 
   a 50 Ohm transmission line loading model.  For the details of this model, 
   and for more information on accounting for different loading conditions, 
   please see the device datasheet.



Data Sheet report:
-----------------
All values displayed in nanoseconds (ns)

Setup/Hold to clock clk_in
------------+------------+------------+------------+------------+------------------+--------+
            |Max Setup to|  Process   |Max Hold to |  Process   |                  | Clock  |
Source      | clk (edge) |   Corner   | clk (edge) |   Corner   |Internal Clock(s) | Phase  |
------------+------------+------------+------------+------------+------------------+--------+
rst         |    2.556(R)|      SLOW  |    0.228(R)|      SLOW  |clk_in_BUFGP      |   0.000|
            |    1.778(F)|      SLOW  |   -0.500(F)|      FAST  |clk_in_BUFGP      |   0.000|
------------+------------+------------+------------+------------+------------------+--------+

Clock clk_in to Pad
-----------------+-----------------+------------+-----------------+------------+------------------+--------+
                 |Max (slowest) clk|  Process   |Min (fastest) clk|  Process   |                  | Clock  |
Destination      |  (edge) to PAD  |   Corner   |  (edge) to PAD  |   Corner   |Internal Clock(s) | Phase  |
-----------------+-----------------+------------+-----------------+------------+------------------+--------+
clk_div          |         6.968(R)|      SLOW  |         3.609(R)|      FAST  |clk_in_BUFGP      |   0.000|
clk_div_2        |         7.005(R)|      SLOW  |         3.635(R)|      FAST  |clk_in_BUFGP      |   0.000|
clk_div_3        |         7.708(R)|      SLOW  |         4.036(R)|      FAST  |clk_in_BUFGP      |   0.000|
                 |         7.483(F)|      SLOW  |         3.910(F)|      FAST  |clk_in_BUFGP      |   0.000|
clk_div_4        |         7.143(R)|      SLOW  |         3.721(R)|      FAST  |clk_in_BUFGP      |   0.000|
clk_div_5        |         8.002(R)|      SLOW  |         4.129(R)|      FAST  |clk_in_BUFGP      |   0.000|
                 |         7.785(F)|      SLOW  |         4.056(F)|      FAST  |clk_in_BUFGP      |   0.000|
clk_div_8        |         7.164(R)|      SLOW  |         3.709(R)|      FAST  |clk_in_BUFGP      |   0.000|
clk_div_16       |         7.106(R)|      SLOW  |         3.692(R)|      FAST  |clk_in_BUFGP      |   0.000|
clk_div_26       |         7.044(R)|      SLOW  |         3.650(R)|      FAST  |clk_in_BUFGP      |   0.000|
clk_div_32       |         6.525(R)|      SLOW  |         3.338(R)|      FAST  |clk_in_BUFGP      |   0.000|
clk_neg          |         6.802(F)|      SLOW  |         3.519(F)|      FAST  |clk_in_BUFGP      |   0.000|
clk_pos          |         6.969(R)|      SLOW  |         3.603(R)|      FAST  |clk_in_BUFGP      |   0.000|
toggle_counter<0>|         6.752(R)|      SLOW  |         3.458(R)|      FAST  |clk_in_BUFGP      |   0.000|
toggle_counter<1>|         6.920(R)|      SLOW  |         3.555(R)|      FAST  |clk_in_BUFGP      |   0.000|
toggle_counter<2>|         7.002(R)|      SLOW  |         3.609(R)|      FAST  |clk_in_BUFGP      |   0.000|
toggle_counter<3>|         7.095(R)|      SLOW  |         3.685(R)|      FAST  |clk_in_BUFGP      |   0.000|
toggle_counter<4>|         6.774(R)|      SLOW  |         3.491(R)|      FAST  |clk_in_BUFGP      |   0.000|
toggle_counter<5>|         6.763(R)|      SLOW  |         3.480(R)|      FAST  |clk_in_BUFGP      |   0.000|
toggle_counter<6>|         7.049(R)|      SLOW  |         3.646(R)|      FAST  |clk_in_BUFGP      |   0.000|
toggle_counter<7>|         6.904(R)|      SLOW  |         3.562(R)|      FAST  |clk_in_BUFGP      |   0.000|
-----------------+-----------------+------------+-----------------+------------+------------------+--------+

Clock to Setup on destination clock clk_in
---------------+---------+---------+---------+---------+
               | Src:Rise| Src:Fall| Src:Rise| Src:Fall|
Source Clock   |Dest:Rise|Dest:Rise|Dest:Fall|Dest:Fall|
---------------+---------+---------+---------+---------+
clk_in         |    2.618|         |         |    2.225|
---------------+---------+---------+---------+---------+


Analysis completed Thu Apr  8 17:58:38 2021 
--------------------------------------------------------------------------------

Trace Settings:
-------------------------
Trace Settings 

Peak Memory Usage: 389 MB



