Running: /opt/Xilinx/14.7/ISE_DS/ISE/bin/lin64/unwrapped/fuse -relaunch -intstyle "ise" -incremental -lib "unisims_ver" -lib "unimacro_ver" -lib "xilinxcorelib_ver" -lib "secureip" -o "/home/ise/CSM152A/lab3/testbench_105422235_isim_beh.exe" -prj "/home/ise/CSM152A/lab3/testbench_105422235_beh.prj" "work.testbench_105422235" "work.glbl" 
ISim P.20131013 (signature 0xfbc00daa)
Number of CPUs detected in this system: 1
Turning on mult-threading, number of parallel sub-compilation jobs: 0 
Determining compilation order of HDL files
Analyzing Verilog file "/home/ise/CSM152A/lab3/vending_machine.v" into library work
Analyzing Verilog file "/home/ise/CSM152A/lab3/testbench_105422235.v" into library work
Analyzing Verilog file "/opt/Xilinx/14.7/ISE_DS/ISE//verilog/src/glbl.v" into library work
Starting static elaboration
Completed static elaboration
Fuse Memory Usage: 95052 KB
Fuse CPU Usage: 1150 ms
Compiling module vending_machine
Compiling module testbench_105422235
Compiling module glbl
Time Resolution for simulation is 1ps.
Compiled 3 Verilog Units
Built simulation executable /home/ise/CSM152A/lab3/testbench_105422235_isim_beh.exe
Fuse Memory Usage: 98516 KB
Fuse CPU Usage: 1170 ms
GCC CPU Usage: 90 ms
